<?xml version="1.0" encoding="UTF-8"?>
<testng-results ignored="0" total="4" passed="4" failed="0" skipped="0">
  <reporter-output>
  </reporter-output>
  <suite started-at="2023-03-30T19:44:46 EET" name="Surefire suite" finished-at="2023-03-30T19:45:42 EET" duration-ms="56013">
    <groups>
      <group name="cucumber">
        <method signature="AbstractTestNGCucumberTests.runScenario(io.cucumber.testng.PickleWrapper,io.cucumber.testng.FeatureWrapper)[pri:0, instance:org.example.testRunner.Runner@16e7dcfd]" name="runScenario" class="io.cucumber.testng.AbstractTestNGCucumberTests"/>
      </group> <!-- cucumber -->
    </groups>
    <test started-at="2023-03-30T19:44:46 EET" name="Surefire test" finished-at="2023-03-30T19:45:42 EET" duration-ms="56013">
      <class name="org.example.testRunner.Runner">
        <test-method is-config="true" signature="setUpClass(org.testng.ITestContext)[pri:0, instance:org.example.testRunner.Runner@16e7dcfd]" started-at="2023-03-30T19:44:46 EET" name="setUpClass" finished-at="2023-03-30T19:44:48 EET" duration-ms="1928" status="PASS">
          <params>
            <param index="0">
              <value>
                <![CDATA[org.testng.TestRunner@25f61c2c]]>
              </value>
            </param>
          </params>
          <reporter-output>
          </reporter-output>
        </test-method> <!-- setUpClass -->
        <test-method signature="runScenario(io.cucumber.testng.PickleWrapper,io.cucumber.testng.FeatureWrapper)[pri:0, instance:org.example.testRunner.Runner@16e7dcfd]" started-at="2023-03-30T19:44:48 EET" name="runScenario" description="Runs Cucumber Scenarios" data-provider="scenarios" finished-at="2023-03-30T19:45:07 EET" duration-ms="19093" status="PASS">
          <params>
            <param index="0">
              <value>
                <![CDATA["valid Registration"]]>
              </value>
            </param>
            <param index="1">
              <value>
                <![CDATA["Register_ user could registration to the system with valid data"]]>
              </value>
            </param>
          </params>
          <reporter-output>
          </reporter-output>
        </test-method> <!-- runScenario -->
        <test-method signature="runScenario(io.cucumber.testng.PickleWrapper,io.cucumber.testng.FeatureWrapper)[pri:0, instance:org.example.testRunner.Runner@16e7dcfd]" started-at="2023-03-30T19:45:07 EET" name="runScenario" description="Runs Cucumber Scenarios" data-provider="scenarios" finished-at="2023-03-30T19:45:23 EET" duration-ms="16620" status="PASS">
          <params>
            <param index="0">
              <value>
                <![CDATA["Login With valid data"]]>
              </value>
            </param>
            <param index="1">
              <value>
                <![CDATA["Login_user login to the system"]]>
              </value>
            </param>
          </params>
          <reporter-output>
          </reporter-output>
        </test-method> <!-- runScenario -->
        <test-method signature="runScenario(io.cucumber.testng.PickleWrapper,io.cucumber.testng.FeatureWrapper)[pri:0, instance:org.example.testRunner.Runner@16e7dcfd]" started-at="2023-03-30T19:45:23 EET" name="runScenario" description="Runs Cucumber Scenarios" data-provider="scenarios" finished-at="2023-03-30T19:45:33 EET" duration-ms="9288" status="PASS">
          <params>
            <param index="0">
              <value>
                <![CDATA["login with invalid email and valid password"]]>
              </value>
            </param>
            <param index="1">
              <value>
                <![CDATA["Login_user login to the system"]]>
              </value>
            </param>
          </params>
          <reporter-output>
          </reporter-output>
        </test-method> <!-- runScenario -->
        <test-method signature="runScenario(io.cucumber.testng.PickleWrapper,io.cucumber.testng.FeatureWrapper)[pri:0, instance:org.example.testRunner.Runner@16e7dcfd]" started-at="2023-03-30T19:45:33 EET" name="runScenario" description="Runs Cucumber Scenarios" data-provider="scenarios" finished-at="2023-03-30T19:45:41 EET" duration-ms="8554" status="PASS">
          <params>
            <param index="0">
              <value>
                <![CDATA["Currencies Feature"]]>
              </value>
            </param>
            <param index="1">
              <value>
                <![CDATA["Currencies_ verify euro symbol is show on 4 products in home page"]]>
              </value>
            </param>
          </params>
          <reporter-output>
          </reporter-output>
        </test-method> <!-- runScenario -->
        <test-method is-config="true" signature="tearDownClass()[pri:0, instance:org.example.testRunner.Runner@16e7dcfd]" started-at="2023-03-30T19:45:41 EET" name="tearDownClass" finished-at="2023-03-30T19:45:42 EET" duration-ms="433" status="PASS">
          <reporter-output>
          </reporter-output>
        </test-method> <!-- tearDownClass -->
      </class> <!-- org.example.testRunner.Runner -->
    </test> <!-- Surefire test -->
  </suite> <!-- Surefire suite -->
</testng-results>
